<?xml version="1.0" encoding="UTF-8"?>
<testsuite xmlns:xsi="http://www.w3.org/2001/XMLSchema-instance" xsi:noNamespaceSchemaLocation="https://maven.apache.org/surefire/maven-surefire-plugin/xsd/surefire-test-report-3.0.xsd" version="3.0" name="TestSuite" time="27.207" tests="1" errors="0" skipped="0" failures="1">
  <properties>
[...]
</properties>
  <testcase name="Login" classname="TestCases.FlipcartApplication" time="25.534">
    <failure message="element click intercepted: Element &lt;a class=&quot;_1_3w1N&quot; href=&quot;/account/login?ret=/&quot;&gt;...&lt;/a&gt; is not clickable at point (657, 27). Other element would receive the click: &lt;div class=&quot;_2hriZF _2rbIyg&quot; tabindex=&quot;-1&quot;&gt;...&lt;/div&gt;&#10;  (Session info: chrome=92.0.4515.131)&#10;Build info: version: &apos;4.0.0-beta-4&apos;, revision: &apos;29f46d02dd&apos;&#10;System info: host: &apos;DESKTOP-FVQ0J3V&apos;, ip: &apos;192.168.1.101&apos;, os.name: &apos;Windows 10&apos;, os.arch: &apos;amd64&apos;, os.version: &apos;10.0&apos;, java.version: &apos;16.0.1&apos;&#10;Driver info: org.openqa.selenium.chrome.ChromeDriver&#10;Command: [bc78e4c6a2366b4001e45a4f174e4a55, clickElement {id=509e1f47-06a8-4080-8d3c-aa63555d2a89}]&#10;Capabilities {acceptInsecureCerts: false, browserName: chrome, browserVersion: 92.0.4515.131, chrome: {chromedriverVersion: 91.0.4472.101 (af52a90bf870..., userDataDir: C:\Users\HP\AppData\Local\T...}, goog:chromeOptions: {debuggerAddress: localhost:53446}, javascriptEnabled: true, networkConnectionEnabled: false, pageLoadStrategy: normal, platform: WINDOWS, platformName: WINDOWS, proxy: Proxy(), se:cdp: ws://localhost:53446/devtoo..., se:cdpVersion: 92.0.4515.131, setWindowRect: true, strictFileInteractability: false, timeouts: {implicit: 0, pageLoad: 300000, script: 30000}, unhandledPromptBehavior: dismiss and notify, webauthn:extension:largeBlob: true, webauthn:virtualAuthenticators: true}&#10;Element: [[ChromeDriver: chrome on WINDOWS (bc78e4c6a2366b4001e45a4f174e4a55)] -&gt; css selector: ._1_3w1N]&#10;Session ID: bc78e4c6a2366b4001e45a4f174e4a55" type="org.openqa.selenium.ElementClickInterceptedException"><![CDATA[org.openqa.selenium.ElementClickInterceptedException: 
element click intercepted: Element <a class="_1_3w1N" href="/account/login?ret=/">...</a> is not clickable at point (657, 27). Other element would receive the click: <div class="_2hriZF _2rbIyg" tabindex="-1">...</div>
  (Session info: chrome=92.0.4515.131)
Build info: version: '4.0.0-beta-4', revision: '29f46d02dd'
System info: host: 'DESKTOP-FVQ0J3V', ip: '192.168.1.101', os.name: 'Windows 10', os.arch: 'amd64', os.version: '10.0', java.version: '16.0.1'
Driver info: org.openqa.selenium.chrome.ChromeDriver
Command: [bc78e4c6a2366b4001e45a4f174e4a55, clickElement {id=509e1f47-06a8-4080-8d3c-aa63555d2a89}]
Capabilities {acceptInsecureCerts: false, browserName: chrome, browserVersion: 92.0.4515.131, chrome: {chromedriverVersion: 91.0.4472.101 (af52a90bf870..., userDataDir: C:\Users\HP\AppData\Local\T...}, goog:chromeOptions: {debuggerAddress: localhost:53446}, javascriptEnabled: true, networkConnectionEnabled: false, pageLoadStrategy: normal, platform: WINDOWS, platformName: WINDOWS, proxy: Proxy(), se:cdp: ws://localhost:53446/devtoo..., se:cdpVersion: 92.0.4515.131, setWindowRect: true, strictFileInteractability: false, timeouts: {implicit: 0, pageLoad: 300000, script: 30000}, unhandledPromptBehavior: dismiss and notify, webauthn:extension:largeBlob: true, webauthn:virtualAuthenticators: true}
Element: [[ChromeDriver: chrome on WINDOWS (bc78e4c6a2366b4001e45a4f174e4a55)] -> css selector: ._1_3w1N]
Session ID: bc78e4c6a2366b4001e45a4f174e4a55
	at TestCases.FlipcartApplication.Login(FlipcartApplication.java:23)
]]></failure>
    <system-err><![CDATA[SLF4J: Failed to load class "org.slf4j.impl.StaticLoggerBinder".
SLF4J: Defaulting to no-operation (NOP) logger implementation
SLF4J: See http://www.slf4j.org/codes.html#StaticLoggerBinder for further details.
Starting ChromeDriver 91.0.4472.101 (af52a90bf87030dd1523486a1cd3ae25c5d76c9b-refs/branch-heads/4472@{#1462}) on port 13747
Only local connections are allowed.
Please see https://chromedriver.chromium.org/security-considerations for suggestions on keeping ChromeDriver safe.
ChromeDriver was started successfully.
[1629303181.373][WARNING]: This version of ChromeDriver has not been tested with Chrome version 92.
Aug 18, 2021 9:43:04 PM org.openqa.selenium.remote.ProtocolHandshake createSession
INFO: Detected dialect: W3C
Aug 18, 2021 9:43:06 PM org.openqa.selenium.devtools.CdpVersionFinder findNearestMatch
WARNING: Unable to find an exact match for CDP version 92, so returning the closest version found: 91
Aug 18, 2021 9:43:06 PM org.openqa.selenium.devtools.CdpVersionFinder findNearestMatch
INFO: Found CDP implementation for version 92 of 91
]]></system-err>
  </testcase>
</testsuite>