<?xml version="1.0" encoding="UTF-8"?>
<testng-results ignored="0" total="1" passed="1" failed="0" skipped="0">
  <reporter-output>
  </reporter-output>
  <suite started-at="2021-08-19T10:20:41 IST" name="Default suite" finished-at="2021-08-19T10:21:57 IST" duration-ms="75877">
    <groups>
    </groups>
    <test started-at="2021-08-19T10:20:41 IST" name="Default test" finished-at="2021-08-19T10:21:57 IST" duration-ms="75877">
      <class name="TestCases.FlipcartApplication">
        <test-method signature="Login()[pri:0, instance:TestCases.FlipcartApplication@34b7ac2f]" started-at="2021-08-19T10:20:41 IST" name="Login" finished-at="2021-08-19T10:21:48 IST" duration-ms="66687" status="PASS">
          <reporter-output>
          </reporter-output>
        </test-method> <!-- Login -->
      </class> <!-- TestCases.FlipcartApplication -->
    </test> <!-- Default test -->
  </suite> <!-- Default suite -->
</testng-results>
